----- START OF USER_ID : 179571326 DATA ------ 
id: MLA636238020, title: Impresora Laser Lexmark Mb2338adw Wi Fi Fotocopiadora Mx317, category_id: MLA1676
id: MLA609116302, title: Ups Apc 1500va Con Ahorro De Energa Estabilizador Y Protector De Tension Gtia Oficial Ideal Para Uso Gamer, category_id: MLA1720
id: MLA814164234, title: Notebook Dell Inspiron 5584 I7 1tb+480ssd 32gb 15.6w10gforce, category_id: MLA1652
id: MLA812656208, title: Notebook Dell Inspiron 5584 I7 1tb + 240ssd 16gb 15.6 Win 10 Gforce - Ideal Para Diseño - Gtia Oficial Dell, category_id: MLA1652
id: MLA812460317, title: Notebook Laptop Dell Inspiron 3481 I3 8gb 1tb 14 Ubuntu Teclado Con Ñ Gtia De Tienda Oficial - Factura A Y B Ram, category_id: MLA1652
id: MLA683736529, title: Notebook Laptop Dell Inspiron I7 16gb 1tb 8° Placa Gforce Ideal Para Gamer Y Diseño Teclado Con Ñ Gtia Oficial Ram, category_id: MLA1652
id: MLA814430567, title: Notebook Dell Inspiron 5584 I7 1tb+480ssd 16g 15.6 W10gforce, category_id: MLA1652
id: MLA702423108, title: Pc De Escritorio Dell I5 8gb Hd 1tb Win10 Pro Vostro Ram Para Uso Hogar Y Empresa - Garantia Oficial, category_id: MLA1649
id: MLA814430760, title: Notebook Dell Inspiron 5584 I7 1t 16g 15.6 W10 Gforce Cuotas, category_id: MLA1652
id: MLA814005966, title: Notebook Dell Inspiron 5584 I7 1tb + 480ssd 16gb 15.6 W10 Gf, category_id: MLA1652
id: MLA814166024, title: Notebook Dell Inspiron 5584 I7 1tb + 480ssd 32gb 15.6 W10 Gf, category_id: MLA1652
id: MLA701426348, title: Notebook Laptop I3 Dell Inspiron 8gb 1tb 14  Win 10 Teclado Con Ñ Gtia De Tienda Oficial - Factura A Y B Gamer, category_id: MLA1652
id: MLA673439018, title: Notebook Laptop Dell Inspiron I3 8gb 1tb 15,6 Fhd Ubuntu Teclado Con Ñ Gtia De Tienda Oficial - Factura A Y B, category_id: MLA1652
id: MLA815159019, title: Notebook Dell Inspiron I7 1t 16g 15,6 W10 Ati Gamer Oferta, category_id: MLA1652
id: MLA774445312, title: Xbox Live Gold De 12 Meses / 1 Año Xbox One / 360 Global, category_id: MLA72958
id: MLA754985680, title: Notebook Dell Inspiron 5584 I7 1tb + 240ssd 8gb 15.6 Win 10 Gforce - Ideal Para Diseño - Gtia Oficial Dell, category_id: MLA1652
id: MLA609550688, title: Ups Apc Easy 500va Estabilizador Y Protector De Tension Con Ahorro De Energia Gtia Oficial 2 Años, category_id: MLA1720
id: MLA799461485, title: Notebook Dell Inspiron 5584 I7 1tb 16g 15.6 Win 10 Gforce Ram - Ideal Para Juegos - Ahora Con Cuotas Sin Interes, category_id: MLA1652
id: MLA636240066, title: Impresora Multifuncion Láser Lexmark Mb2546adwe Rempl. Mx517, category_id: MLA1676
id: MLA677347584, title: Notebook Dell Inspiron I3 8gb 1tb 14 Win 10 Teclado Con Ñ Garantia De Tienda Oficial - Factura A Y B Ram, category_id: MLA1652
id: MLA677346308, title: Notebook Laptop Dell Inspiron I3 8gb 1tb 14 Ubuntu Teclado Con Ñ Gtia De Tienda Oficial - Factura A Y B Ram, category_id: MLA1652
id: MLA740963609, title: Router Linksys Ea8300 Tri Band Wifi Ac2200 Mu-mino, category_id: MLA430901
id: MLA812466999, title: Notebook Laptop Dell Inspiron 5584 I7 16gb 1tb 8° Placa Gforce Ideal Para Gamer Y Diseño Teclado Con Ñ Gtia Oficial Ram, category_id: MLA1652
id: MLA790637885, title: Monitor Dell 23 Profesional P2319h 1080 60hz Vertical Ips, category_id: MLA14407
id: MLA640303035, title: Ups Apc Br1500g 1500va Estabilizador  Gtia 2 Años Br1500g-ar, category_id: MLA1720
id: MLA614270244, title: Ups Apc 1000va Para Pc Gamer Simil Bx1100 Bv1000i-ar Estabilizador Y Protector De Tension Gtia Oficial 2 Años, category_id: MLA1720
id: MLA619999038, title: Ups Apc 550va 3 Tomas Gtia Oficial 2 Años Estabilizador Y Protector De Tension Con Ahorro De Energia, category_id: MLA1720
id: MLA809059569, title: Toner Lexmark Mb /2338 /2442 /2546 3000 P Lexmark B234000, category_id: MLA3560
id: MLA723727507, title: Notebook Dell I3 7020u 8gb 1tb + Ssd 480gb Win10 En Cuotas, category_id: MLA1652
id: MLA707866748, title: Notebook Dell Inspiron I7 1tb + 240ssd 16gb 15.6 W10 Gforce, category_id: MLA1652
id: MLA639967459, title: Impresora Multifuncion Láser Lexmark Mb2546adwe Duplex Mx517, category_id: MLA1676
id: MLA795525213, title: Ups Apc Easy Bv500i-ar 500va Bv500 Gtia Oficial 2 Años, category_id: MLA1720
id: MLA673439392, title: Notebook Laptop Dell Inspiron I3 4gb 1tb 14 Ubuntu Teclado Con Ñ Gtia De Tienda Oficial - Factura A Y B, category_id: MLA1652
id: MLA685442543, title: Switch Cisco Sg110-24 24 Puertos Gigabit Rack (ex. Sg100-24), category_id: MLA1708
id: MLA783867289, title: Joystick Control De Xbox One S Sport Con Entrada Aux 3.5 Exclusivo Tienda Xbox + Gow 4 - Garantía Oficial Xbox, category_id: MLA121995
id: MLA743216897, title: Notebook Dell Inspiron 5584 I7 1tb 16g 15.6 Win 10 Gforce Ram Ideal Para Uso Gamer, category_id: MLA1652
id: MLA689148569, title: Switch 8 Bocas Cisco 8 Puertos 10/100mbps Para Hogar Y Empresa - Garantia Oficial - Factura A Y B, category_id: MLA1708
id: MLA685428555, title: Switch Cisco 16 Puertos Port 10/100/1000 Rack (ex Sg100-16) Para Hogar Y Empresa - Garantia Oficial - Factura A Y B, category_id: MLA1708
id: MLA818935719, title: Notebook Dell Inspiron 3581 I3 12gb 1tb 15,6 Fhd Ubuntu Ram, category_id: MLA1652
id: MLA614152743, title: Router Linksys Wifi Norma N 300 Mbps 2.4 Ghz Puertos: 1 10/100 Wan, 4 10/100 Lan Oferta Gtia Oficial  Factura A Y B, category_id: MLA430901
id: MLA670640217, title: Router Linksys Mu-mimo Gigabit Max-stream Rompemuros Gtia Oficial - Factura A Y B, category_id: MLA430901
id: MLA814004923, title: Notebook Dell Inspiron 5584 I7 1tb + 480ssd 16gb 15.6 W10 Gf, category_id: MLA1652
id: MLA796336202, title: Notebook Dell Inspiron 3581 I3 8gb 1tb 15,6 Fhd Ubuntu Ram - Ahora En Cuotas Sin Interes, category_id: MLA1652
id: MLA703470125, title: Notebook Dell Inspiron I7 1tb + 480ssd 32gb 15.6 Wi10 Gforce, category_id: MLA1652
id: MLA748739174, title: Router Cisco Rv042 Dual Gigabit Wan 50vpn Rv042g 4 Port, category_id: MLA430901
id: MLA680918722, title: Notebook Dell Inspiron I5 16gb 256ssd Win 10 Cuotas Oferta, category_id: MLA1652
id: MLA754689964, title: Router Cisco Rv340w Dual Wan Vpn Firewall Rv340w-k9, category_id: MLA430901
id: MLA818937494, title: Notebook Dell Inspiron 5584 I7 1tb + 480ssd 12gb 15.6 W10 Gf, category_id: MLA1652
id: MLA763412389, title: Monitor Dell Touch P2418ht Profesional 24 Pulgadas Hdmi Vga, category_id: MLA14407
id: MLA685442693, title: Switch Cisco 24 Puertos Gigabit Rack 10/100/1000, category_id: MLA1708
----------- END OF USER_ID: 179571326 DATA ---------- 
